<?xml version="1.0" encoding="UTF-8"?>
<testsuite name="com.smartpantry.util.ValidationUtilsTest" tests="23" skipped="0" failures="0" errors="0" timestamp="2026-09-25T11:19:36" hostname="FNBU8XM9Z64" time="0.017">
  <properties/>
  <testcase name="validatePantryItem_rejectsInvalidQuantity" classname="com.smartpantry.util.ValidationUtilsTest" time="0.008"/>
  <testcase name="validateExpiryDate_acceptsValidFormat" classname="com.smartpantry.util.ValidationUtilsTest" time="0.001"/>
  <testcase name="validatePantryItem_acceptsValidItem" classname="com.smartpantry.util.ValidationUtilsTest" time="0.001"/>
  <testcase name="validateIngredientName_rejectsNull" classname="com.smartpantry.util.ValidationUtilsTest" time="0.0"/>
  <testcase name="validateIngredientName_rejectsEmpty" classname="com.smartpantry.util.ValidationUtilsTest" time="0.0"/>
  <testcase name="validateUnit_rejectsNull" classname="com.smartpantry.util.ValidationUtilsTest" time="0.0"/>
  <testcase name="validateQuantity_rejectsNull" classname="com.smartpantry.util.ValidationUtilsTest" time="0.0"/>
  <testcase name="validateQuantity_rejectsZero" classname="com.smartpantry.util.ValidationUtilsTest" time="0.001"/>
  <testcase name="validatePantryItem_rejectsInvalidName" classname="com.smartpantry.util.ValidationUtilsTest" time="0.0"/>
  <testcase name="validateQuantity_rejectsNegative" classname="com.smartpantry.util.ValidationUtilsTest" time="0.0"/>
  <testcase name="validateQuantity_rejectsEmpty" classname="com.smartpantry.util.ValidationUtilsTest" time="0.0"/>
  <testcase name="validateQuantity_double_rejectsZero" classname="com.smartpantry.util.ValidationUtilsTest" time="0.0"/>
  <testcase name="validateIngredientName_acceptsValidNames" classname="com.smartpantry.util.ValidationUtilsTest" time="0.0"/>
  <testcase name="validateIngredientName_rejectsTooShort" classname="com.smartpantry.util.ValidationUtilsTest" time="0.0"/>
  <testcase name="validateQuantity_rejectsNonNumeric" classname="com.smartpantry.util.ValidationUtilsTest" time="0.0"/>
  <testcase name="validateQuantity_double_acceptsPositive" classname="com.smartpantry.util.ValidationUtilsTest" time="0.001"/>
  <testcase name="validateExpiryDate_acceptsNull" classname="com.smartpantry.util.ValidationUtilsTest" time="0.0"/>
  <testcase name="validatePantryItem_acceptsValidItemWithoutExpiry" classname="com.smartpantry.util.ValidationUtilsTest" time="0.0"/>
  <testcase name="validateQuantity_acceptsValidNumbers" classname="com.smartpantry.util.ValidationUtilsTest" time="0.0"/>
  <testcase name="validateUnit_acceptsValidUnits" classname="com.smartpantry.util.ValidationUtilsTest" time="0.0"/>
  <testcase name="validateExpiryDate_acceptsEmpty" classname="com.smartpantry.util.ValidationUtilsTest" time="0.0"/>
  <testcase name="validateUnit_rejectsEmpty" classname="com.smartpantry.util.ValidationUtilsTest" time="0.0"/>
  <testcase name="validateExpiryDate_rejectsInvalidFormat" classname="com.smartpantry.util.ValidationUtilsTest" time="0.001"/>
  <system-out><![CDATA[]]></system-out>
  <system-err><![CDATA[]]></system-err>
</testsuite>
