<?xml version="1.0" encoding="UTF-8"?>
<testsuite name="com.smartpantry.util.IngredientNormalizerTest" tests="9" skipped="0" failures="0" errors="0" timestamp="2026-09-23T19:29:50" hostname="FNBU8XM9Z64" time="0.004">
  <properties/>
  <testcase name="normalize_combinedTransformations" classname="com.smartpantry.util.IngredientNormalizerTest" time="0.001"/>
  <testcase name="normalizeForDisplay_capitalizesFirstLetter" classname="com.smartpantry.util.IngredientNormalizerTest" time="0.0"/>
  <testcase name="normalize_handlesMultipleSpaces" classname="com.smartpantry.util.IngredientNormalizerTest" time="0.0"/>
  <testcase name="normalize_handlesLowercase" classname="com.smartpantry.util.IngredientNormalizerTest" time="0.0"/>
  <testcase name="normalize_handlesPluralToSingular" classname="com.smartpantry.util.IngredientNormalizerTest" time="0.0"/>
  <testcase name="matches_returnsFalseForDifferentNames" classname="com.smartpantry.util.IngredientNormalizerTest" time="0.0"/>
  <testcase name="matches_returnsTrueForEquivalentNames" classname="com.smartpantry.util.IngredientNormalizerTest" time="0.001"/>
  <testcase name="normalize_handlesEmptyAndNull" classname="com.smartpantry.util.IngredientNormalizerTest" time="0.0"/>
  <testcase name="normalize_trimsWhitespace" classname="com.smartpantry.util.IngredientNormalizerTest" time="0.0"/>
  <system-out><![CDATA[]]></system-out>
  <system-err><![CDATA[]]></system-err>
</testsuite>
